<?xml version="1.0" encoding="UTF-8"?>
<testng-results skipped="0" failed="0" ignored="0" total="1" passed="1">
  <reporter-output>
  </reporter-output>
  <suite name="Default suite" duration-ms="6923" started-at="2019-11-21T11:07:11Z" finished-at="2019-11-21T11:07:18Z">
    <groups>
    </groups>
    <test name="Default test" duration-ms="6923" started-at="2019-11-21T11:07:11Z" finished-at="2019-11-21T11:07:18Z">
      <class name="basics.BasicRestAssured4_XML">
        <test-method status="PASS" signature="FirstTest()[pri:0, instance:basics.BasicRestAssured4_XML@370736d9]" name="FirstTest" duration-ms="6565" started-at="2019-11-21T11:07:11Z" finished-at="2019-11-21T11:07:18Z">
          <reporter-output>
          </reporter-output>
        </test-method> <!-- FirstTest -->
      </class> <!-- basics.BasicRestAssured4_XML -->
    </test> <!-- Default test -->
  </suite> <!-- Default suite -->
</testng-results>
